<?xml version="1.0" encoding="UTF-8"?>
<!-- Generated by org.testng.reporters.JUnitReportReporter -->
<testsuite hostname="DESKTOP-BKE9C99" failures="0" tests="3" name="testNg.TolearnannotationAttributes" time="0.017" errors="0" timestamp="2023-12-23T10:55:10 IST" skipped="0">
  <testcase classname="testNg.TolearnannotationAttributes" name="students" time="0.007"/>
  <system-out>
    <![CDATA[students executes()]]>
  </system-out>
  <testcase classname="testNg.TolearnannotationAttributes" name="mango" time="0.002"/>
  <system-out>
    <![CDATA[mango executes()]]>
  </system-out>
  <testcase classname="testNg.TolearnannotationAttributes" name="college" time="0.008"/>
  <system-out>
    <![CDATA[college executes()]]>
  </system-out>
</testsuite> <!-- testNg.TolearnannotationAttributes -->
