<?xml version="1.0" encoding="UTF-8"?>
<!-- Generated by org.testng.reporters.JUnitReportReporter -->
<testsuite hostname="DESKTOP-BKE9C99" failures="0" tests="5" name="testNg.TolearnInvocation" time="26.391" errors="0" timestamp="2023-12-23T11:15:58 IST" skipped="0">
  <testcase classname="testNg.TolearnInvocation" name="Register" time="5.112"/>
  <system-out>
    <![CDATA[register executes()]]>
  </system-out>
  <testcase classname="testNg.TolearnInvocation" name="Register" time="4.785"/>
  <system-out>
    <![CDATA[register executes()]]>
  </system-out>
  <testcase classname="testNg.TolearnInvocation" name="login" time="5.127"/>
  <system-out>
    <![CDATA[login executes()]]>
  </system-out>
  <testcase classname="testNg.TolearnInvocation" name="login" time="6.874"/>
  <system-out>
    <![CDATA[login executes()]]>
  </system-out>
  <testcase classname="testNg.TolearnInvocation" name="login" time="4.493"/>
  <system-out>
    <![CDATA[login executes()]]>
  </system-out>
</testsuite> <!-- testNg.TolearnInvocation -->
