<?xml version="1.0" encoding="UTF-8"?>
<!-- Generated by org.testng.reporters.JUnitReportReporter -->
<testsuite hostname="DESKTOP-BKE9C99" failures="0" tests="5" name="testNg.TolearnThreadPoolSize" time="33.962" errors="0" timestamp="2023-12-23T11:28:26 IST" skipped="0">
  <testcase classname="testNg.TolearnThreadPoolSize" name="Register" time="6.542"/>
  <system-out>
    <![CDATA[register executes()]]>
  </system-out>
  <testcase classname="testNg.TolearnThreadPoolSize" name="Register" time="5.990"/>
  <system-out>
    <![CDATA[register executes()]]>
  </system-out>
  <testcase classname="testNg.TolearnThreadPoolSize" name="login" time="7.304"/>
  <system-out>
    <![CDATA[login executes()]]>
  </system-out>
  <testcase classname="testNg.TolearnThreadPoolSize" name="login" time="6.407"/>
  <system-out>
    <![CDATA[login executes()]]>
  </system-out>
  <testcase classname="testNg.TolearnThreadPoolSize" name="login" time="7.719"/>
  <system-out>
    <![CDATA[login executes()]]>
  </system-out>
</testsuite> <!-- testNg.TolearnThreadPoolSize -->
