<?xml version="1.0" encoding="UTF-8"?>
<!-- Generated by org.testng.reporters.JUnitReportReporter -->
<testsuite hostname="DESKTOP-BKE9C99" failures="0" tests="1" name="testNg.TCS" time="4.419" errors="0" timestamp="2023-12-23T12:43:52 IST" skipped="0">
  <testcase classname="testNg.TCS" name="tCS" time="4.419"/>
  <system-out>
    <![CDATA[TCS executes.....]]>
  </system-out>
</testsuite> <!-- testNg.TCS -->
