<?xml version="1.0" encoding="UTF-8"?>
<!-- Generated by org.testng.reporters.JUnitReportReporter -->
<testsuite hostname="DESKTOP-BKE9C99" failures="0" tests="1" name="testNg.TestYantra" time="8.555" errors="0" timestamp="2023-12-23T12:41:11 IST" skipped="0">
  <testcase classname="testNg.TestYantra" name="test_yantra" time="8.555"/>
  <system-out>
    <![CDATA[testyntra executes....]]>
  </system-out>
</testsuite> <!-- testNg.TestYantra -->
