<?xml version="1.0" encoding="UTF-8"?>
<!-- Generated by org.testng.reporters.JUnitReportReporter -->
<testsuite hostname="DESKTOP-BKE9C99" failures="0" tests="2" name="dataProvider.TolearnDataProvider" time="10.570" errors="0" timestamp="2023-12-26T11:59:43 IST" skipped="0">
  <testcase classname="dataProvider.TolearnDataProvider" name="Login" time="5.839"/>
  <system-out/>
  <testcase classname="dataProvider.TolearnDataProvider" name="Login" time="4.731"/>
  <system-out/>
</testsuite> <!-- dataProvider.TolearnDataProvider -->
