<?xml version="1.0" encoding="UTF-8"?>
<!-- Generated by org.testng.reporters.JUnitReportReporter -->
<testsuite hostname="DESKTOP-BKE9C99" failures="0" tests="1" name="testNg.Wipro" time="13.862" errors="0" timestamp="2023-12-23T12:41:11 IST" skipped="0">
  <testcase classname="testNg.Wipro" name="wipro" time="13.862"/>
  <system-out>
    <![CDATA[Wipro executes....]]>
  </system-out>
</testsuite> <!-- testNg.Wipro -->
